<?xml version="1.0" encoding="UTF-8"?>
<!-- Generated by org.testng.reporters.JUnitReportReporter -->
<testsuite skipped="0" hostname="DESKTOP-9GFGSI0" name="com.qa.test.TestLoginPage" tests="4" failures="0" timestamp="2020-04-04T22:58:16 IST" time="12.475" errors="0">
  <testcase name="logInWithValidUnameInvalidPassword" time="3.288" classname="com.qa.test.TestLoginPage"/>
  <system-out/>
  <testcase name="logInWithInvalidUnamevalidPassword" time="2.427" classname="com.qa.test.TestLoginPage"/>
  <system-out/>
  <testcase name="logInWithInvalidUnameInvalidPassword" time="3.195" classname="com.qa.test.TestLoginPage"/>
  <system-out/>
  <testcase name="logInWithValidData" time="3.565" classname="com.qa.test.TestLoginPage"/>
  <system-out/>
</testsuite> <!-- com.qa.test.TestLoginPage -->
