<?xml version="1.0" encoding="UTF-8"?>
<!-- Generated by org.testng.reporters.JUnitReportReporter -->
<testsuite skipped="0" hostname="DESKTOP-9GFGSI0" name="com.qa.test.TestRadioButtonDropDown" tests="2" failures="0" timestamp="2020-04-04T22:58:16 IST" time="3.240" errors="0">
  <testcase name="logInWithValidData" time="3.127" classname="com.qa.test.TestRadioButtonDropDown"/>
  <system-out/>
  <testcase name="radiobuttonTest" time="0.113" classname="com.qa.test.TestRadioButtonDropDown"/>
  <system-out/>
</testsuite> <!-- com.qa.test.TestRadioButtonDropDown -->
