<?xml version="1.0" encoding="UTF-8"?>
<!-- Generated by org.testng.reporters.JUnitReportReporter -->
<testsuite skipped="0" hostname="DESKTOP-9GFGSI0" name="com.qa.test.TestRegistrationPage" tests="1" failures="0" timestamp="2020-04-04T22:58:16 IST" time="5.702" errors="0">
  <testcase name="registerUser" time="5.702" classname="com.qa.test.TestRegistrationPage"/>
  <system-out/>
</testsuite> <!-- com.qa.test.TestRegistrationPage -->
