<?xml version="1.0" encoding="UTF-8"?>
<!-- Generated by org.testng.reporters.JUnitReportReporter -->
<testsuite skipped="0" hostname="DESKTOP-9GFGSI0" name="com.qa.test.TestAllLinks" tests="1" failures="0" timestamp="2020-04-04T22:58:16 IST" time="15.127" errors="0">
  <testcase name="brokenLinkTest" time="15.127" classname="com.qa.test.TestAllLinks"/>
  <system-out/>
</testsuite> <!-- com.qa.test.TestAllLinks -->
